<?xml version="1.0" encoding="UTF-8"?>
<!-- Generated by org.testng.reporters.JUnitXMLReporter -->
<testsuite ignored="0" hostname="TRV-A-00046" failures="0" tests="1" name="Surefire test" time="0.093" errors="0" timestamp="2024-12-06T16:32:52 IST">
  <testcase classname="tests.LoginTest" name="@BeforeMethod setUp" time="0.057">
    <failure type="java.lang.IllegalArgumentException" message="Unknown HttpClient factory netty">
      <![CDATA[java.lang.IllegalArgumentException: Unknown HttpClient factory netty
at org.openqa.selenium.remote.http.HttpClient$Factory.create(HttpClient.java:57)
at org.openqa.selenium.remote.http.HttpClient$Factory.createDefault(HttpClient.java:74)
at io.appium.java_client.remote.AppiumCommandExecutor.<init>(AppiumCommandExecutor.java:102)
at io.appium.java_client.AppiumDriver.<init>(AppiumDriver.java:103)
at io.appium.java_client.android.AndroidDriver.<init>(AndroidDriver.java:109)
at base.BaseTest.setup(BaseTest.java:27)
at tests.LoginTest.setUp(LoginTest.java:13)
at java.base/java.util.ArrayList.forEach(ArrayList.java:1597)
... Removed 34 stack frames]]>
    </failure>
  </testcase> <!-- @BeforeMethod setUp -->
  <testcase classname="tests.LoginTest" name="@AfterMethod tearDown" time="0.0">
    <skipped/>
  </testcase> <!-- @AfterMethod tearDown -->
  <testcase classname="tests.LoginTest" name="testLogin" time="0.0">
    <skipped/>
  </testcase> <!-- testLogin -->
</testsuite> <!-- Surefire test -->
